[2023-02-18 20:44:27,393] multiqc                                            [DEBUG  ]  This is MultiQC v1.11
[2023-02-18 20:44:27,393] multiqc                                            [DEBUG  ]  No MultiQC config found: /home/nguyen/.local/lib/python3.8/site-packages/multiqc_config.yaml
[2023-02-18 20:44:27,393] multiqc                                            [DEBUG  ]  No MultiQC config found: /home/nguyen/.multiqc_config.yaml
[2023-02-18 20:44:27,393] multiqc                                            [DEBUG  ]  No MultiQC config found: multiqc_config.yaml
[2023-02-18 20:44:27,393] multiqc                                            [DEBUG  ]  Command used: /home/nguyen/.local/bin/multiqc .
[2023-02-18 20:44:29,969] multiqc                                            [WARNING]  MultiQC Version v1.14 now available!
[2023-02-18 20:44:29,970] multiqc                                            [DEBUG  ]  Command     : /home/nguyen/.local/bin/multiqc .
[2023-02-18 20:44:29,970] multiqc                                            [DEBUG  ]  Working dir : /home/nguyen/Desktop/Projects/programming-for-bioinformatics/01.introduction_to_bash_script/practice/01.quality_control/fastqc_example
[2023-02-18 20:44:29,970] multiqc                                            [DEBUG  ]  Template    : default
[2023-02-18 20:44:29,970] multiqc                                            [DEBUG  ]  Running Python 3.8.10 (default, Nov 26 2021, 20:14:08)  [GCC 9.3.0]
[2023-02-18 20:44:29,970] multiqc                                            [DEBUG  ]  Analysing modules: custom_content, ccs, ngsderive, purple, conpair, lima, peddy, somalier, methylQA, mosdepth, phantompeakqualtools, qualimap, preseq, quast, qorts, rna_seqc, rockhopper, rsem, rseqc, busco, bustools, goleft_indexcov, gffcompare, disambiguate, supernova, deeptools, sargasso, verifybamid, mirtrace, happy, mirtop, sambamba, homer, hops, macs2, theta2, snpeff, gatk, htseq, bcftools, featureCounts, fgbio, dragen, dedup, damageprofiler, biobambam2, jcvi, mtnucratio, picard, vep, sentieon, prokka, qc3C, nanostat, samblaster, samtools, sexdeterrmine, eigenstratdatabasetools, bamtools, jellyfish, vcftools, longranger, stacks, varscan2, snippy, bbmap, bismark, biscuit, hicexplorer, hicup, hicpro, salmon, kallisto, slamdunk, star, hisat2, tophat, bowtie2, bowtie1, snpsplit, odgi, pangolin, kat, leehom, adapterRemoval, clipandmerge, cutadapt, flexbar, kaiju, kraken, malt, trimmomatic, sickle, skewer, sortmerna, biobloomtools, fastq_screen, afterqc, fastp, fastqc, pychopper, pycoqc, minionqc, multivcfanalyzer, clusterflow, bcl2fastq, bclconvert, interop, ivar, flash, seqyclean, optitype
[2023-02-18 20:44:29,971] multiqc                                            [DEBUG  ]  Using temporary directory for creating report: /tmp/tmp5l5vw3ca
[2023-02-18 20:44:30,032] multiqc                                            [INFO   ]  Search path : /home/nguyen/Desktop/Projects/programming-for-bioinformatics/01.introduction_to_bash_script/practice/01.quality_control/fastqc_example
[2023-02-18 20:44:30,046] multiqc                                            [DEBUG  ]  Ignoring file as matched an ignore pattern: 1_control_ITS2_2019_minq7.fastq
[2023-02-18 20:44:30,067] multiqc                                            [DEBUG  ]  File ignored by ccs/v4 because it exceeded search pattern filesize limit: 1_control_psbA3_2019_minq7_fastqc.html
[2023-02-18 20:44:30,068] multiqc                                            [DEBUG  ]  File ignored by hicexplorer because it exceeded search pattern filesize limit: 1_control_psbA3_2019_minq7_fastqc.html
[2023-02-18 20:44:30,068] multiqc                                            [DEBUG  ]  File ignored by nanostat because it exceeded search pattern filesize limit: 1_control_psbA3_2019_minq7_fastqc.html
[2023-02-18 20:44:30,068] multiqc                                            [DEBUG  ]  File ignored by lima/summary because it exceeded search pattern filesize limit: 1_control_psbA3_2019_minq7_fastqc.html
[2023-02-18 20:44:30,071] multiqc                                            [DEBUG  ]  File ignored by vep/vep_txt because it exceeded search pattern filesize limit: 1_control_psbA3_2019_minq7_fastqc.html
[2023-02-18 20:44:30,071] multiqc                                            [DEBUG  ]  File ignored by longranger/invocation because it exceeded search pattern filesize limit: 1_control_psbA3_2019_minq7_fastqc.html
[2023-02-18 20:44:30,071] multiqc                                            [DEBUG  ]  File ignored by rockhopper because it exceeded search pattern filesize limit: 1_control_psbA3_2019_minq7_fastqc.html
[2023-02-18 20:44:30,071] multiqc                                            [DEBUG  ]  File ignored by rseqc/bam_stat because it exceeded search pattern filesize limit: 1_control_psbA3_2019_minq7_fastqc.html
[2023-02-18 20:44:30,071] multiqc                                            [DEBUG  ]  File ignored by rseqc/junction_annotation because it exceeded search pattern filesize limit: 1_control_psbA3_2019_minq7_fastqc.html
[2023-02-18 20:44:30,071] multiqc                                            [DEBUG  ]  File ignored by rseqc/read_distribution because it exceeded search pattern filesize limit: 1_control_psbA3_2019_minq7_fastqc.html
[2023-02-18 20:44:30,072] multiqc                                            [DEBUG  ]  File ignored by rseqc/infer_experiment because it exceeded search pattern filesize limit: 1_control_psbA3_2019_minq7_fastqc.html
[2023-02-18 20:44:30,120] multiqc                                            [DEBUG  ]  Ignoring file as matched an ignore pattern: 1_control_psbA3_2019_minq7.fastq
[2023-02-18 20:44:30,124] multiqc                                            [DEBUG  ]  File ignored by ccs/v4 because it exceeded search pattern filesize limit: 1_control_psbA3_A_2019_minq7_fastqc.html
[2023-02-18 20:44:30,126] multiqc                                            [DEBUG  ]  File ignored by hicexplorer because it exceeded search pattern filesize limit: 1_control_psbA3_A_2019_minq7_fastqc.html
[2023-02-18 20:44:30,126] multiqc                                            [DEBUG  ]  File ignored by nanostat because it exceeded search pattern filesize limit: 1_control_psbA3_A_2019_minq7_fastqc.html
[2023-02-18 20:44:30,126] multiqc                                            [DEBUG  ]  File ignored by lima/summary because it exceeded search pattern filesize limit: 1_control_psbA3_A_2019_minq7_fastqc.html
[2023-02-18 20:44:30,128] multiqc                                            [DEBUG  ]  File ignored by vep/vep_txt because it exceeded search pattern filesize limit: 1_control_psbA3_A_2019_minq7_fastqc.html
[2023-02-18 20:44:30,128] multiqc                                            [DEBUG  ]  File ignored by longranger/invocation because it exceeded search pattern filesize limit: 1_control_psbA3_A_2019_minq7_fastqc.html
[2023-02-18 20:44:30,128] multiqc                                            [DEBUG  ]  File ignored by rockhopper because it exceeded search pattern filesize limit: 1_control_psbA3_A_2019_minq7_fastqc.html
[2023-02-18 20:44:30,128] multiqc                                            [DEBUG  ]  File ignored by rseqc/bam_stat because it exceeded search pattern filesize limit: 1_control_psbA3_A_2019_minq7_fastqc.html
[2023-02-18 20:44:30,128] multiqc                                            [DEBUG  ]  File ignored by rseqc/junction_annotation because it exceeded search pattern filesize limit: 1_control_psbA3_A_2019_minq7_fastqc.html
[2023-02-18 20:44:30,128] multiqc                                            [DEBUG  ]  File ignored by rseqc/read_distribution because it exceeded search pattern filesize limit: 1_control_psbA3_A_2019_minq7_fastqc.html
[2023-02-18 20:44:30,128] multiqc                                            [DEBUG  ]  File ignored by rseqc/infer_experiment because it exceeded search pattern filesize limit: 1_control_psbA3_A_2019_minq7_fastqc.html
[2023-02-18 20:44:30,179] multiqc                                            [DEBUG  ]  File ignored by ccs/v4 because it exceeded search pattern filesize limit: 1_control_ITS2_2019_minq7_fastqc.html
[2023-02-18 20:44:30,180] multiqc                                            [DEBUG  ]  File ignored by hicexplorer because it exceeded search pattern filesize limit: 1_control_ITS2_2019_minq7_fastqc.html
[2023-02-18 20:44:30,180] multiqc                                            [DEBUG  ]  File ignored by nanostat because it exceeded search pattern filesize limit: 1_control_ITS2_2019_minq7_fastqc.html
[2023-02-18 20:44:30,180] multiqc                                            [DEBUG  ]  File ignored by lima/summary because it exceeded search pattern filesize limit: 1_control_ITS2_2019_minq7_fastqc.html
[2023-02-18 20:44:30,182] multiqc                                            [DEBUG  ]  File ignored by vep/vep_txt because it exceeded search pattern filesize limit: 1_control_ITS2_2019_minq7_fastqc.html
[2023-02-18 20:44:30,182] multiqc                                            [DEBUG  ]  File ignored by longranger/invocation because it exceeded search pattern filesize limit: 1_control_ITS2_2019_minq7_fastqc.html
[2023-02-18 20:44:30,182] multiqc                                            [DEBUG  ]  File ignored by rockhopper because it exceeded search pattern filesize limit: 1_control_ITS2_2019_minq7_fastqc.html
[2023-02-18 20:44:30,182] multiqc                                            [DEBUG  ]  File ignored by rseqc/bam_stat because it exceeded search pattern filesize limit: 1_control_ITS2_2019_minq7_fastqc.html
[2023-02-18 20:44:30,182] multiqc                                            [DEBUG  ]  File ignored by rseqc/junction_annotation because it exceeded search pattern filesize limit: 1_control_ITS2_2019_minq7_fastqc.html
[2023-02-18 20:44:30,182] multiqc                                            [DEBUG  ]  File ignored by rseqc/read_distribution because it exceeded search pattern filesize limit: 1_control_ITS2_2019_minq7_fastqc.html
[2023-02-18 20:44:30,182] multiqc                                            [DEBUG  ]  File ignored by rseqc/infer_experiment because it exceeded search pattern filesize limit: 1_control_ITS2_2019_minq7_fastqc.html
[2023-02-18 20:44:30,217] multiqc                                            [DEBUG  ]  Ignoring file as matched an ignore pattern: 1_control_psbA3_A_2019_minq7.fastq
[2023-02-18 20:44:30,486] multiqc.plots.bargraph                             [DEBUG  ]  Using matplotlib version 3.4.2
[2023-02-18 20:44:30,487] multiqc.plots.linegraph                            [DEBUG  ]  Using matplotlib version 3.4.2
[2023-02-18 20:44:30,488] multiqc                                            [DEBUG  ]  No samples found: custom_content
[2023-02-18 20:44:30,491] multiqc                                            [DEBUG  ]  No samples found: ccs
[2023-02-18 20:44:30,493] multiqc                                            [DEBUG  ]  No samples found: ngsderive
[2023-02-18 20:44:30,496] multiqc                                            [DEBUG  ]  No samples found: purple
[2023-02-18 20:44:30,499] multiqc                                            [DEBUG  ]  No samples found: conpair
[2023-02-18 20:44:30,501] multiqc                                            [DEBUG  ]  No samples found: lima
[2023-02-18 20:44:30,504] multiqc                                            [DEBUG  ]  No samples found: peddy
[2023-02-18 20:44:30,507] multiqc                                            [DEBUG  ]  No samples found: somalier
[2023-02-18 20:44:30,510] multiqc                                            [DEBUG  ]  No samples found: methylQA
[2023-02-18 20:44:30,513] multiqc.modules.mosdepth.mosdepth                  [DEBUG  ]  include_contigs: []
[2023-02-18 20:44:30,513] multiqc.modules.mosdepth.mosdepth                  [DEBUG  ]  exclude_contigs: []
[2023-02-18 20:44:30,513] multiqc                                            [DEBUG  ]  No samples found: mosdepth
[2023-02-18 20:44:30,516] multiqc                                            [DEBUG  ]  No samples found: phantompeakqualtools
[2023-02-18 20:44:30,518] multiqc                                            [DEBUG  ]  No samples found: qualimap
[2023-02-18 20:44:30,521] multiqc                                            [DEBUG  ]  No samples found: preseq
[2023-02-18 20:44:30,524] multiqc                                            [DEBUG  ]  No samples found: quast
[2023-02-18 20:44:30,527] multiqc                                            [DEBUG  ]  No samples found: qorts
[2023-02-18 20:44:30,529] multiqc                                            [DEBUG  ]  No samples found: rna_seqc
[2023-02-18 20:44:30,532] multiqc                                            [DEBUG  ]  No samples found: rockhopper
[2023-02-18 20:44:30,534] multiqc                                            [DEBUG  ]  No samples found: rsem
[2023-02-18 20:44:30,539] multiqc                                            [DEBUG  ]  No samples found: rseqc
[2023-02-18 20:44:30,541] multiqc                                            [DEBUG  ]  No samples found: busco
[2023-02-18 20:44:30,544] multiqc                                            [DEBUG  ]  No samples found: bustools
[2023-02-18 20:44:30,547] multiqc                                            [DEBUG  ]  No samples found: goleft_indexcov
[2023-02-18 20:44:30,549] multiqc                                            [DEBUG  ]  No samples found: gffcompare
[2023-02-18 20:44:30,552] multiqc                                            [DEBUG  ]  No samples found: disambiguate
[2023-02-18 20:44:30,554] multiqc                                            [DEBUG  ]  No samples found: supernova
[2023-02-18 20:44:30,559] multiqc                                            [DEBUG  ]  No samples found: deeptools
[2023-02-18 20:44:30,562] multiqc                                            [DEBUG  ]  No samples found: sargasso
[2023-02-18 20:44:30,564] multiqc                                            [DEBUG  ]  No samples found: verifybamid
[2023-02-18 20:44:30,567] multiqc                                            [DEBUG  ]  No samples found: mirtrace
[2023-02-18 20:44:30,570] multiqc                                            [DEBUG  ]  No samples found: happy
[2023-02-18 20:44:30,572] multiqc                                            [DEBUG  ]  No samples found: mirtop
[2023-02-18 20:44:30,575] multiqc                                            [DEBUG  ]  No samples found: sambamba
[2023-02-18 20:44:30,578] multiqc                                            [DEBUG  ]  No samples found: homer
[2023-02-18 20:44:30,581] multiqc                                            [DEBUG  ]  No samples found: hops
[2023-02-18 20:44:30,583] multiqc                                            [DEBUG  ]  No samples found: macs2
[2023-02-18 20:44:30,586] multiqc                                            [DEBUG  ]  No samples found: theta2
[2023-02-18 20:44:30,589] multiqc                                            [DEBUG  ]  No samples found: snpeff
[2023-02-18 20:44:30,592] multiqc                                            [DEBUG  ]  No samples found: gatk
[2023-02-18 20:44:30,595] multiqc                                            [DEBUG  ]  No samples found: htseq
[2023-02-18 20:44:30,598] multiqc                                            [DEBUG  ]  No samples found: bcftools
[2023-02-18 20:44:30,600] multiqc                                            [DEBUG  ]  No samples found: featureCounts
[2023-02-18 20:44:30,604] multiqc                                            [DEBUG  ]  No samples found: fgbio
[2023-02-18 20:44:30,609] multiqc                                            [DEBUG  ]  No samples found: dragen
[2023-02-18 20:44:30,611] multiqc                                            [DEBUG  ]  No samples found: dedup
[2023-02-18 20:44:30,614] multiqc                                            [DEBUG  ]  No samples found: damageprofiler
[2023-02-18 20:44:30,622] multiqc                                            [DEBUG  ]  No samples found: biobambam2
[2023-02-18 20:44:30,625] multiqc                                            [DEBUG  ]  No samples found: jcvi
[2023-02-18 20:44:30,627] multiqc                                            [DEBUG  ]  No samples found: mtnucratio
[2023-02-18 20:44:30,630] multiqc                                            [DEBUG  ]  No samples found: picard
[2023-02-18 20:44:30,632] multiqc                                            [DEBUG  ]  No samples found: vep
[2023-02-18 20:44:30,635] multiqc                                            [DEBUG  ]  No samples found: sentieon
[2023-02-18 20:44:30,638] multiqc                                            [DEBUG  ]  No samples found: prokka
[2023-02-18 20:44:30,641] multiqc                                            [DEBUG  ]  No samples found: qc3C
[2023-02-18 20:44:30,644] multiqc                                            [DEBUG  ]  No samples found: nanostat
[2023-02-18 20:44:30,647] multiqc                                            [DEBUG  ]  No samples found: samblaster
[2023-02-18 20:44:30,650] multiqc                                            [DEBUG  ]  No samples found: samtools
[2023-02-18 20:44:30,653] multiqc                                            [DEBUG  ]  No samples found: sexdeterrmine
[2023-02-18 20:44:30,656] multiqc                                            [DEBUG  ]  No samples found: eigenstratdatabasetools
[2023-02-18 20:44:30,659] multiqc                                            [DEBUG  ]  No samples found: bamtools
[2023-02-18 20:44:30,661] multiqc                                            [DEBUG  ]  No samples found: jellyfish
[2023-02-18 20:44:30,665] multiqc                                            [DEBUG  ]  No samples found: vcftools
[2023-02-18 20:44:30,667] multiqc                                            [DEBUG  ]  No samples found: longranger
[2023-02-18 20:44:30,670] multiqc                                            [DEBUG  ]  No samples found: stacks
[2023-02-18 20:44:30,672] multiqc                                            [DEBUG  ]  No samples found: varscan2
[2023-02-18 20:44:30,675] multiqc                                            [DEBUG  ]  No samples found: snippy
[2023-02-18 20:44:30,679] multiqc                                            [DEBUG  ]  No samples found: bbmap
[2023-02-18 20:44:30,682] multiqc                                            [DEBUG  ]  No samples found: bismark
[2023-02-18 20:44:30,685] multiqc                                            [DEBUG  ]  No samples found: biscuit
[2023-02-18 20:44:30,688] multiqc                                            [DEBUG  ]  No samples found: hicexplorer
[2023-02-18 20:44:30,690] multiqc                                            [DEBUG  ]  No samples found: hicup
[2023-02-18 20:44:30,693] multiqc                                            [DEBUG  ]  No samples found: hicpro
[2023-02-18 20:44:30,696] multiqc                                            [DEBUG  ]  No samples found: salmon
[2023-02-18 20:44:30,698] multiqc                                            [DEBUG  ]  No samples found: kallisto
[2023-02-18 20:44:30,701] multiqc                                            [DEBUG  ]  No samples found: slamdunk
[2023-02-18 20:44:30,704] multiqc                                            [DEBUG  ]  No samples found: star
[2023-02-18 20:44:30,706] multiqc                                            [DEBUG  ]  No samples found: hisat2
[2023-02-18 20:44:30,709] multiqc                                            [DEBUG  ]  No samples found: tophat
[2023-02-18 20:44:30,712] multiqc                                            [DEBUG  ]  No samples found: bowtie2
[2023-02-18 20:44:30,714] multiqc                                            [DEBUG  ]  No samples found: bowtie1
[2023-02-18 20:44:30,717] multiqc                                            [DEBUG  ]  No samples found: snpsplit
[2023-02-18 20:44:30,720] multiqc                                            [DEBUG  ]  No samples found: odgi
[2023-02-18 20:44:30,722] multiqc                                            [DEBUG  ]  No samples found: pangolin
[2023-02-18 20:44:30,725] multiqc                                            [DEBUG  ]  No samples found: kat
[2023-02-18 20:44:30,728] multiqc                                            [DEBUG  ]  No samples found: leehom
[2023-02-18 20:44:30,731] multiqc                                            [DEBUG  ]  No samples found: adapterRemoval
[2023-02-18 20:44:30,733] multiqc                                            [DEBUG  ]  No samples found: clipandmerge
[2023-02-18 20:44:30,736] multiqc                                            [DEBUG  ]  No samples found: cutadapt
[2023-02-18 20:44:30,739] multiqc                                            [DEBUG  ]  No samples found: flexbar
[2023-02-18 20:44:30,741] multiqc                                            [DEBUG  ]  No samples found: kaiju
[2023-02-18 20:44:30,744] multiqc                                            [DEBUG  ]  No samples found: kraken
[2023-02-18 20:44:30,746] multiqc                                            [DEBUG  ]  No samples found: malt
[2023-02-18 20:44:30,749] multiqc                                            [DEBUG  ]  No samples found: trimmomatic
[2023-02-18 20:44:30,751] multiqc                                            [DEBUG  ]  No samples found: sickle
[2023-02-18 20:44:30,754] multiqc                                            [DEBUG  ]  No samples found: skewer
[2023-02-18 20:44:30,757] multiqc                                            [DEBUG  ]  No samples found: sortmerna
[2023-02-18 20:44:30,759] multiqc                                            [DEBUG  ]  No samples found: biobloomtools
[2023-02-18 20:44:30,762] multiqc                                            [DEBUG  ]  No samples found: fastq_screen
[2023-02-18 20:44:30,765] multiqc                                            [DEBUG  ]  No samples found: afterqc
[2023-02-18 20:44:30,768] multiqc                                            [DEBUG  ]  No samples found: fastp
[2023-02-18 20:44:30,776] multiqc.modules.fastqc.fastqc                      [INFO   ]  Found 3 reports
[2023-02-18 20:44:30,867] multiqc                                            [DEBUG  ]  No samples found: pychopper
[2023-02-18 20:44:30,869] multiqc                                            [DEBUG  ]  No samples found: pycoqc
[2023-02-18 20:44:30,873] multiqc                                            [DEBUG  ]  No samples found: minionqc
[2023-02-18 20:44:30,876] multiqc                                            [DEBUG  ]  No samples found: multivcfanalyzer
[2023-02-18 20:44:30,879] multiqc                                            [DEBUG  ]  No samples found: clusterflow
[2023-02-18 20:44:30,881] multiqc                                            [DEBUG  ]  No samples found: bcl2fastq
[2023-02-18 20:44:30,884] multiqc                                            [DEBUG  ]  No samples found: bclconvert
[2023-02-18 20:44:30,887] multiqc                                            [DEBUG  ]  No samples found: interop
[2023-02-18 20:44:30,890] multiqc                                            [DEBUG  ]  No samples found: ivar
[2023-02-18 20:44:30,893] multiqc                                            [DEBUG  ]  No samples found: flash
[2023-02-18 20:44:30,896] multiqc                                            [DEBUG  ]  No samples found: seqyclean
[2023-02-18 20:44:30,899] multiqc                                            [DEBUG  ]  No samples found: optitype
[2023-02-18 20:44:30,904] multiqc                                            [INFO   ]  Compressing plot data
[2023-02-18 20:44:30,946] multiqc                                            [INFO   ]  Report      : multiqc_report.html
[2023-02-18 20:44:30,946] multiqc                                            [INFO   ]  Data        : multiqc_data
[2023-02-18 20:44:30,946] multiqc                                            [DEBUG  ]  Moving data file from '/tmp/tmp5l5vw3ca/multiqc_data' to '/home/nguyen/Desktop/Projects/programming-for-bioinformatics/01.introduction_to_bash_script/practice/01.quality_control/fastqc_example/multiqc_data'
[2023-02-18 20:44:31,199] multiqc                                            [INFO   ]  MultiQC complete
